<?xml version="1.0" encoding="UTF-8"?>
<!-- Generated by org.testng.reporters.JUnitXMLReporter -->
<testsuite ignored="0" hostname="DESKTOP-DSSFANV" failures="2" tests="23" name="Regression test test suite on firefox " time="458.312" errors="0" timestamp="2024-09-22T16:49:28 ICT">
  <testcase classname="automation.testsuite.Tubep_FilterTest" name="filterByDanhMuc" time="2.624"/>
  <testcase classname="automation.testsuite.Tubep_FilterTest" name="filterByMucGia" time="3.108"/>
  <testcase classname="automation.testsuite.Tubep_FilterTest" name="filterByChatLieu" time="6.96"/>
  <testcase classname="automation.testsuite.Tubep_FilterTest" name="filterByKichThuoc" time="2.596"/>
  <testcase classname="automation.testsuite.Tubep_FilterTest" name="filterByBaoHanh" time="2.603"/>
  <testcase classname="automation.testsuite.Tubep_LapDatTaiNhaTest" name="tuVanThanhCong" time="5.841"/>
  <testcase classname="automation.testsuite.Tubep_LapDatTaiNhaTest" name="tuVanThatBai_HoTenBlank" time="5.43"/>
  <testcase classname="automation.testsuite.Tubep_LapDatTaiNhaTest" name="tuVanThatBai_SoDienThoaiBlank" time="5.39"/>
  <testcase classname="automation.testsuite.Tubep_LapDatTaiNhaTest" name="tuVanThatBai_DiaChiBlank" time="5.386"/>
  <testcase classname="automation.testsuite.Tubep_LapDatTaiNhaTest" name="tuVanThatBai_LeaveBlank" time="5.783"/>
  <testcase classname="automation.testsuite.Tubep_LapDatTaiNhaTest" name="tuVanThatBai_sdtInvalid" time="5.48"/>
  <testcase classname="automation.testsuite.Tubep_MuaNgayTest" name="muaNgayThatBai_DiaChiBlank" time="12.329"/>
  <testcase classname="automation.testsuite.Tubep_MuaNgayTest" name="muaNgayThatBai_HoTenBlank" time="12.342"/>
  <testcase classname="automation.testsuite.Tubep_MuaNgayTest" name="muaNgayThatBai_LeaveBlank" time="12.262"/>
  <testcase classname="automation.testsuite.Tubep_MuaNgayTest" name="muaNgayThatBai_SoDienThoaiBlank" time="12.266"/>
  <testcase classname="automation.testsuite.Tubep_MuaNgayTest" name="muaNgayThatBai_sdtInvalid" time="12.305"/>
  <testcase classname="automation.testsuite.Tubep_MuaNgayTest" name="muaNgayThanhCong" time="12.262"/>
  <testcase classname="automation.testsuite.Tubep_MuaTGTest" name="muaTGThanhCong" time="36.531">
    <failure type="java.lang.AssertionError" message="expected [true] but found [false]">
      <![CDATA[java.lang.AssertionError: expected [true] but found [false]
at automation.testsuite.Tubep_MuaTGTest.muaTGThanhCong(Tubep_MuaTGTest.java:35)
at java.base/java.util.ArrayList.forEach(ArrayList.java:1596)
... Removed 29 stack frames]]>
    </failure>
  </testcase> <!-- muaTGThanhCong -->
  <testcase classname="automation.testsuite.Tubep_MuaTGTest" name="muaTGThatBai_HoTenBlank" time="36.131">
    <failure type="java.lang.AssertionError" message="expected [true] but found [false]">
      <![CDATA[java.lang.AssertionError: expected [true] but found [false]
at automation.testsuite.Tubep_MuaTGTest.muaTGThatBai_HoTenBlank(Tubep_MuaTGTest.java:42)
at java.base/java.util.ArrayList.forEach(ArrayList.java:1596)
... Removed 29 stack frames]]>
    </failure>
  </testcase> <!-- muaTGThatBai_HoTenBlank -->
  <testcase classname="automation.testsuite.Tubep_MuaTGTest" name="muaTGThatBai_SoDienThoaiBlank" time="6.314"/>
  <testcase classname="automation.testsuite.Tubep_MuaTGTest" name="muaTGThatBai_DiaChiBlank" time="5.409"/>
  <testcase classname="automation.testsuite.Tubep_MuaTGTest" name="muaTGThatBai_LeaveBlank" time="5.366"/>
  <testcase classname="automation.testsuite.Tubep_MuaTGTest" name="muaTGThatBai_sdtInvalid" time="6.82"/>
</testsuite> <!-- Regression test test suite on firefox  -->
